<?xml version="1.0" encoding="UTF-8"?>
<TestRun id="4460088a-52e1-4a05-a814-e5745fb46baf" name="Smartken@SMARTKEN-PC 2009-06-26 22:29:21" runUser="Smartken-PC\Smartken" xmlns="http://microsoft.com/schemas/VisualStudio/TeamTest/2006">
  <TestRunConfiguration name="本地测试运行" id="3070a8db-fd9e-4a21-8600-95f0a4b3bded">
    <Description>这是本地测试运行的默认测试运行配置。</Description>
    <Deployment runDeploymentRoot="D:\MSproject\BookSystem\TestResults\Smartken_SMARTKEN-PC 2009-06-26 22_29_21">
      <DeploymentItem filename="D:\MSproject\BookSystem\BookSystemModel\bin\Debug\BookSystemModel.dll" />
      <DeploymentItem filename="D:\MSproject\BookSystem\BookSystemDAL\bin\Debug\BookSystemDAL.dll" />
    </Deployment>
    <TestTypeSpecific />
  </TestRunConfiguration>
  <ResultSummary outcome="Failed">
    <Counters total="1" executed="1" error="0" failed="1" timeout="0" aborted="0" inconclusive="0" passedButRunAborted="0" notRunnable="0" notExecuted="0" disconnected="0" warning="0" passed="0" completed="0" inProgress="0" pending="0" />
  </ResultSummary>
  <Times creation="2009-06-26T22:29:21.6514774+08:00" queuing="2009-06-26T22:29:22.0544774+08:00" start="2009-06-26T22:29:22.1584774+08:00" finish="2009-06-26T22:29:22.6554774+08:00" />
  <TestDefinitions>
    <UnitTest name="addSaleTest" storage="d:\msproject\booksystem\test\bin\debug\test.dll" id="90959fb6-3524-a8fd-8ae1-28877502d4ed">
      <Css projectStructure="" iteration="" />
      <Owners>
        <Owner name="" />
      </Owners>
      <Execution id="f4603be6-884d-40fb-9f2b-284807337f06" />
      <TestMethod codeBase="D:\MSproject\BookSystem\Test\bin\Debug\Test.dll" adapterTypeName="Microsoft.VisualStudio.TestTools.TestTypes.Unit.UnitTestAdapter, Microsoft.VisualStudio.QualityTools.Tips.UnitTest.Adapter, Version=9.0.0.0, Culture=neutral, PublicKeyToken=b03f5f7f11d50a3a" className="Test.SaleServiceTest, Test" name="addSaleTest" />
    </UnitTest>
  </TestDefinitions>
  <TestLists>
    <TestList name="列表中未列出的结果" id="8c84fa94-04c1-424b-9868-57a2d4851a1d" />
    <TestList name="所有已加载的结果" id="19431567-8539-422a-85d7-44ee4e166bda" />
  </TestLists>
  <TestEntries>
    <TestEntry testId="90959fb6-3524-a8fd-8ae1-28877502d4ed" executionId="f4603be6-884d-40fb-9f2b-284807337f06" testListId="8c84fa94-04c1-424b-9868-57a2d4851a1d" />
  </TestEntries>
  <Results>
    <UnitTestResult executionId="f4603be6-884d-40fb-9f2b-284807337f06" testId="90959fb6-3524-a8fd-8ae1-28877502d4ed" testName="addSaleTest" computerName="SMARTKEN-PC" duration="00:00:00.2169332" startTime="2009-06-26T22:29:22.1964774+08:00" endTime="2009-06-26T22:29:22.5224774+08:00" testType="13cdc9d9-ddb5-4fa4-a97d-d965ccfc6d4b" outcome="Failed" testListId="8c84fa94-04c1-424b-9868-57a2d4851a1d">
      <Output>
        <ErrorInfo>
          <Message>Assert.AreEqual failed. Expected:&lt;5&gt;. Actual:&lt;1&gt;. </Message>
          <StackTrace>   at Test.SaleServiceTest.addSaleTest() in D:\MSproject\BookSystem\Test\SaleServiceTest.cs:line 78
</StackTrace>
        </ErrorInfo>
      </Output>
    </UnitTestResult>
  </Results>
</TestRun>