<?xml version="1.0" encoding="UTF-8"?>
<TestRun id="07cbfbe5-cb70-4f4e-892f-0930f9741d52" name="Smartken@SMARTKEN-PC 2009-06-29 00:27:57" runUser="Smartken-PC\Smartken" xmlns="http://microsoft.com/schemas/VisualStudio/TeamTest/2006">
  <TestRunConfiguration name="本地测试运行" id="3070a8db-fd9e-4a21-8600-95f0a4b3bded">
    <Description>这是本地测试运行的默认测试运行配置。</Description>
    <Deployment runDeploymentRoot="D:\MSproject\BookSystem\TestResults\Smartken_SMARTKEN-PC 2009-06-29 00_27_57">
      <DeploymentItem filename="D:\MSproject\BookSystem\BookSystemModel\bin\Debug\BookSystemModel.dll" />
      <DeploymentItem filename="D:\MSproject\BookSystem\BookSystemDAL\bin\Debug\BookSystemDAL.dll" />
    </Deployment>
    <TestTypeSpecific />
  </TestRunConfiguration>
  <ResultSummary outcome="Failed">
    <Counters total="1" executed="1" error="0" failed="1" timeout="0" aborted="0" inconclusive="0" passedButRunAborted="0" notRunnable="0" notExecuted="0" disconnected="0" warning="0" passed="0" completed="0" inProgress="0" pending="0" />
  </ResultSummary>
  <Times creation="2009-06-29T00:27:57.2318770+08:00" queuing="2009-06-29T00:28:00.0258770+08:00" start="2009-06-29T00:28:00.3508770+08:00" finish="2009-06-29T00:28:01.7248770+08:00" />
  <TestDefinitions>
    <UnitTest name="addSaleItemTest" storage="d:\msproject\booksystem\test\bin\debug\test.dll" id="1dfb59c1-b091-3114-f8ed-7ff667833ac9">
      <Css projectStructure="" iteration="" />
      <Owners>
        <Owner name="" />
      </Owners>
      <Execution id="1482a0cc-a1f0-4c5b-84f6-f8905050a043" />
      <TestMethod codeBase="D:\MSproject\BookSystem\Test\bin\Debug\Test.dll" adapterTypeName="Microsoft.VisualStudio.TestTools.TestTypes.Unit.UnitTestAdapter, Microsoft.VisualStudio.QualityTools.Tips.UnitTest.Adapter, Version=9.0.0.0, Culture=neutral, PublicKeyToken=b03f5f7f11d50a3a" className="Test.SaleServiceTest, Test" name="addSaleItemTest" />
    </UnitTest>
  </TestDefinitions>
  <TestLists>
    <TestList name="列表中未列出的结果" id="8c84fa94-04c1-424b-9868-57a2d4851a1d" />
    <TestList name="所有已加载的结果" id="19431567-8539-422a-85d7-44ee4e166bda" />
  </TestLists>
  <TestEntries>
    <TestEntry testId="1dfb59c1-b091-3114-f8ed-7ff667833ac9" executionId="1482a0cc-a1f0-4c5b-84f6-f8905050a043" testListId="8c84fa94-04c1-424b-9868-57a2d4851a1d" />
  </TestEntries>
  <Results>
    <UnitTestResult executionId="1482a0cc-a1f0-4c5b-84f6-f8905050a043" testId="1dfb59c1-b091-3114-f8ed-7ff667833ac9" testName="addSaleItemTest" computerName="SMARTKEN-PC" duration="00:00:00.4672778" startTime="2009-06-29T00:28:00.4758770+08:00" endTime="2009-06-29T00:28:01.5878770+08:00" testType="13cdc9d9-ddb5-4fa4-a97d-d965ccfc6d4b" outcome="Failed" testListId="8c84fa94-04c1-424b-9868-57a2d4851a1d">
      <Output>
        <ErrorInfo>
          <Message>Test method Test.SaleServiceTest.addSaleItemTest threw exception:  System.ArgumentException: Parameter 'counts' not found in the collection..</Message>
          <StackTrace>    at MySql.Data.MySqlClient.MySqlParameterCollection.GetParameterFlexible(String parameterName, Boolean throwOnNotFound)
   at MySql.Data.MySqlClient.StoredProcedure.Resolve()
   at MySql.Data.MySqlClient.MySqlCommand.ExecuteReader(CommandBehavior behavior)
   at MySql.Data.MySqlClient.MySqlCommand.ExecuteNonQuery()
   at BookSystem.SaleService.addSaleItem(SaleItems s) in D:\MSproject\BookSystem\BookSystemDAL\SaleService.cs:line 154
   at Test.SaleServiceTest.addSaleItemTest() in D:\MSproject\BookSystem\Test\SaleServiceTest.cs:line 95
</StackTrace>
        </ErrorInfo>
      </Output>
    </UnitTestResult>
  </Results>
</TestRun>