<?xml version="1.0" encoding="UTF-8"?>
<TestRun id="7e5b402c-fe89-4b40-9628-61ea7321f0d2" name="Smartken@SMARTKEN-PC 2009-06-29 00:28:48" runUser="Smartken-PC\Smartken" xmlns="http://microsoft.com/schemas/VisualStudio/TeamTest/2006">
  <TestRunConfiguration name="本地测试运行" id="3070a8db-fd9e-4a21-8600-95f0a4b3bded">
    <Description>这是本地测试运行的默认测试运行配置。</Description>
    <Deployment runDeploymentRoot="D:\MSproject\BookSystem\TestResults\Smartken_SMARTKEN-PC 2009-06-29 00_28_48">
      <DeploymentItem filename="D:\MSproject\BookSystem\BookSystemModel\bin\Debug\BookSystemModel.dll" />
      <DeploymentItem filename="D:\MSproject\BookSystem\BookSystemDAL\bin\Debug\BookSystemDAL.dll" />
    </Deployment>
    <TestTypeSpecific />
  </TestRunConfiguration>
  <ResultSummary outcome="Completed">
    <Counters total="1" executed="1" passed="1" error="0" failed="0" timeout="0" aborted="0" inconclusive="0" passedButRunAborted="0" notRunnable="0" notExecuted="0" disconnected="0" warning="0" completed="0" inProgress="0" pending="0" />
  </ResultSummary>
  <Times creation="2009-06-29T00:28:48.6008770+08:00" queuing="2009-06-29T00:28:48.9618770+08:00" start="2009-06-29T00:28:48.9928770+08:00" finish="2009-06-29T00:28:49.4038770+08:00" />
  <TestDefinitions>
    <UnitTest name="addSaleItemTest" storage="d:\msproject\booksystem\test\bin\debug\test.dll" id="1dfb59c1-b091-3114-f8ed-7ff667833ac9">
      <Css projectStructure="" iteration="" />
      <Owners>
        <Owner name="" />
      </Owners>
      <Execution id="b8e2f0dd-7c9f-45b8-8281-9d4ebbb042b4" />
      <TestMethod codeBase="D:\MSproject\BookSystem\Test\bin\Debug\Test.dll" adapterTypeName="Microsoft.VisualStudio.TestTools.TestTypes.Unit.UnitTestAdapter, Microsoft.VisualStudio.QualityTools.Tips.UnitTest.Adapter, Version=9.0.0.0, Culture=neutral, PublicKeyToken=b03f5f7f11d50a3a" className="Test.SaleServiceTest, Test" name="addSaleItemTest" />
    </UnitTest>
  </TestDefinitions>
  <TestLists>
    <TestList name="列表中未列出的结果" id="8c84fa94-04c1-424b-9868-57a2d4851a1d" />
    <TestList name="所有已加载的结果" id="19431567-8539-422a-85d7-44ee4e166bda" />
  </TestLists>
  <TestEntries>
    <TestEntry testId="1dfb59c1-b091-3114-f8ed-7ff667833ac9" executionId="b8e2f0dd-7c9f-45b8-8281-9d4ebbb042b4" testListId="8c84fa94-04c1-424b-9868-57a2d4851a1d" />
  </TestEntries>
  <Results>
    <UnitTestResult executionId="b8e2f0dd-7c9f-45b8-8281-9d4ebbb042b4" testId="1dfb59c1-b091-3114-f8ed-7ff667833ac9" testName="addSaleItemTest" computerName="SMARTKEN-PC" duration="00:00:00.2158755" startTime="2009-06-29T00:28:49.0428770+08:00" endTime="2009-06-29T00:28:49.3868770+08:00" testType="13cdc9d9-ddb5-4fa4-a97d-d965ccfc6d4b" outcome="Passed" testListId="8c84fa94-04c1-424b-9868-57a2d4851a1d">
      <Output>
      </Output>
    </UnitTestResult>
  </Results>
</TestRun>