<?xml version="1.0" encoding="UTF-8"?>
<TestRun id="aee683ef-dd39-4ca4-81ab-dcd920cf635d" name="Smartken@SMARTKEN-PC 2009-06-26 22:08:24" runUser="Smartken-PC\Smartken" xmlns="http://microsoft.com/schemas/VisualStudio/TeamTest/2006">
  <TestRunConfiguration name="本地测试运行" id="3070a8db-fd9e-4a21-8600-95f0a4b3bded">
    <Description>这是本地测试运行的默认测试运行配置。</Description>
    <Deployment runDeploymentRoot="D:\MSproject\BookSystem\TestResults\Smartken_SMARTKEN-PC 2009-06-26 22_08_24">
      <DeploymentItem filename="D:\MSproject\BookSystem\BookSystemModel\bin\Debug\BookSystemModel.dll" />
      <DeploymentItem filename="D:\MSproject\BookSystem\BookSystemDAL\bin\Debug\BookSystemDAL.dll" />
    </Deployment>
    <TestTypeSpecific />
  </TestRunConfiguration>
  <ResultSummary outcome="Failed">
    <Counters total="1" executed="1" error="0" failed="1" timeout="0" aborted="0" inconclusive="0" passedButRunAborted="0" notRunnable="0" notExecuted="0" disconnected="0" warning="0" passed="0" completed="0" inProgress="0" pending="0" />
  </ResultSummary>
  <Times creation="2009-06-26T22:08:24.6974774+08:00" queuing="2009-06-26T22:08:25.0844774+08:00" start="2009-06-26T22:08:25.1354774+08:00" finish="2009-06-26T22:08:25.6004774+08:00" />
  <TestDefinitions>
    <UnitTest name="addSaleTest" storage="d:\msproject\booksystem\test\bin\debug\test.dll" id="90959fb6-3524-a8fd-8ae1-28877502d4ed">
      <Css projectStructure="" iteration="" />
      <Owners>
        <Owner name="" />
      </Owners>
      <Execution id="46a3b228-9592-4e1a-8285-f55844419882" />
      <TestMethod codeBase="D:\MSproject\BookSystem\Test\bin\Debug\Test.dll" adapterTypeName="Microsoft.VisualStudio.TestTools.TestTypes.Unit.UnitTestAdapter, Microsoft.VisualStudio.QualityTools.Tips.UnitTest.Adapter, Version=9.0.0.0, Culture=neutral, PublicKeyToken=b03f5f7f11d50a3a" className="Test.SaleServiceTest, Test" name="addSaleTest" />
    </UnitTest>
  </TestDefinitions>
  <TestLists>
    <TestList name="列表中未列出的结果" id="8c84fa94-04c1-424b-9868-57a2d4851a1d" />
    <TestList name="所有已加载的结果" id="19431567-8539-422a-85d7-44ee4e166bda" />
  </TestLists>
  <TestEntries>
    <TestEntry testId="90959fb6-3524-a8fd-8ae1-28877502d4ed" executionId="46a3b228-9592-4e1a-8285-f55844419882" testListId="8c84fa94-04c1-424b-9868-57a2d4851a1d" />
  </TestEntries>
  <Results>
    <UnitTestResult executionId="46a3b228-9592-4e1a-8285-f55844419882" testId="90959fb6-3524-a8fd-8ae1-28877502d4ed" testName="addSaleTest" computerName="SMARTKEN-PC" duration="00:00:00.2196222" startTime="2009-06-26T22:08:25.2304774+08:00" endTime="2009-06-26T22:08:25.5674774+08:00" testType="13cdc9d9-ddb5-4fa4-a97d-d965ccfc6d4b" outcome="Failed" testListId="8c84fa94-04c1-424b-9868-57a2d4851a1d">
      <Output>
        <ErrorInfo>
          <Message>Test method Test.SaleServiceTest.addSaleTest threw exception:  System.ArgumentException: Parameter 'id' not found in the collection..</Message>
          <StackTrace>    at MySql.Data.MySqlClient.MySqlParameterCollection.GetParameterFlexible(String parameterName, Boolean throwOnNotFound)
   at MySql.Data.MySqlClient.StoredProcedure.Resolve()
   at MySql.Data.MySqlClient.MySqlCommand.ExecuteReader(CommandBehavior behavior)
   at MySql.Data.MySqlClient.MySqlCommand.ExecuteNonQuery()
   at BookSystem.SaleService.addSale(Sales s) in D:\MSproject\BookSystem\BookSystemDAL\SaleService.cs:line 83
   at Test.SaleServiceTest.addSaleTest() in D:\MSproject\BookSystem\Test\SaleServiceTest.cs:line 77
</StackTrace>
        </ErrorInfo>
      </Output>
    </UnitTestResult>
  </Results>
</TestRun>